2024/03/11 02:55:32 [emerg] 1#1: host not found in upstream "php-fpm:9000" in /etc/nginx/conf.d/default.conf:2
2024/03/11 03:04:18 [warn] 1#1: the "listen ... http2" directive is deprecated, use the "http2" directive instead in /etc/nginx/vhosts/default.conf:17
2024/03/11 03:04:18 [warn] 1#1: the "listen ... http2" directive is deprecated, use the "http2" directive instead in /etc/nginx/vhosts/default.conf:18
2024/03/11 03:04:18 [emerg] 1#1: cannot load certificate "/path/to/ip_cert.crt": BIO_new_file() failed (SSL: error:80000002:system library::No such file or directory:calling fopen(/path/to/ip_cert.crt, r) error:10000080:BIO routines::no such file)
2024/03/11 03:18:59 [warn] 1#1: the "listen ... http2" directive is deprecated, use the "http2" directive instead in /etc/nginx/vhosts/default.conf:17
2024/03/11 03:18:59 [warn] 1#1: the "listen ... http2" directive is deprecated, use the "http2" directive instead in /etc/nginx/vhosts/default.conf:18
2024/03/11 03:18:59 [emerg] 1#1: cannot load certificate "/path/to/ip_cert.crt": BIO_new_file() failed (SSL: error:80000002:system library::No such file or directory:calling fopen(/path/to/ip_cert.crt, r) error:10000080:BIO routines::no such file)
2024/03/11 03:25:57 [warn] 1#1: the "listen ... http2" directive is deprecated, use the "http2" directive instead in /etc/nginx/vhosts/default.conf:19
2024/03/11 03:25:57 [warn] 1#1: the "listen ... http2" directive is deprecated, use the "http2" directive instead in /etc/nginx/vhosts/default.conf:20
2024/03/11 03:25:57 [emerg] 1#1: cannot load certificate "/path/to/ip_cert.crt": BIO_new_file() failed (SSL: error:80000002:system library::No such file or directory:calling fopen(/path/to/ip_cert.crt, r) error:10000080:BIO routines::no such file)
2024/03/11 03:43:25 [emerg] 1#1: invalid number of arguments in "http2" directive in /etc/nginx/vhosts/default.conf:23
2024/03/11 03:50:48 [emerg] 1#1: invalid number of arguments in "http2" directive in /etc/nginx/vhosts/default.conf:21
2024/03/11 04:36:18 [emerg] 1#1: invalid number of arguments in "http2" directive in /etc/nginx/vhosts/default.conf:23
2024/03/11 04:37:59 [warn] 1#1: the "listen ... http2" directive is deprecated, use the "http2" directive instead in /etc/nginx/vhosts/default.conf:21
2024/03/11 04:37:59 [warn] 1#1: the "listen ... http2" directive is deprecated, use the "http2" directive instead in /etc/nginx/vhosts/default.conf:22
2024/03/11 04:37:59 [emerg] 1#1: cannot load certificate "/etc/letsencrypt/live/api-balaman.cloudoc.kz/fullchain.pem": BIO_new_file() failed (SSL: error:80000002:system library::No such file or directory:calling fopen(/etc/letsencrypt/live/api-balaman.cloudoc.kz/fullchain.pem, r) error:10000080:BIO routines::no such file)
2024/03/11 04:44:09 [warn] 1#1: the "listen ... http2" directive is deprecated, use the "http2" directive instead in /etc/nginx/vhosts/default.conf:21
2024/03/11 04:44:09 [warn] 1#1: the "listen ... http2" directive is deprecated, use the "http2" directive instead in /etc/nginx/vhosts/default.conf:22
2024/03/11 04:44:09 [emerg] 1#1: cannot load certificate "/etc/letsencrypt/live/api-balaman.cloudoc.kz/fullchain.pem": BIO_new_file() failed (SSL: error:80000002:system library::No such file or directory:calling fopen(/etc/letsencrypt/live/api-balaman.cloudoc.kz/fullchain.pem, r) error:10000080:BIO routines::no such file)
2024/03/11 04:48:54 [warn] 1#1: the "listen ... http2" directive is deprecated, use the "http2" directive instead in /etc/nginx/vhosts/default.conf:21
2024/03/11 04:48:54 [warn] 1#1: the "listen ... http2" directive is deprecated, use the "http2" directive instead in /etc/nginx/vhosts/default.conf:22
2024/03/11 04:48:54 [emerg] 1#1: cannot load certificate "/etc/letsencrypt/live/api-balaman.cloudoc.kz/fullchain.pem": BIO_new_file() failed (SSL: error:80000002:system library::No such file or directory:calling fopen(/etc/letsencrypt/live/api-balaman.cloudoc.kz/fullchain.pem, r) error:10000080:BIO routines::no such file)
2024/03/11 04:54:28 [warn] 1#1: the "listen ... http2" directive is deprecated, use the "http2" directive instead in /etc/nginx/vhosts/default.conf:21
2024/03/11 04:54:28 [warn] 1#1: the "listen ... http2" directive is deprecated, use the "http2" directive instead in /etc/nginx/vhosts/default.conf:22
2024/03/11 04:54:28 [emerg] 1#1: cannot load certificate "/etc/letsencrypt/live/api-balaman.cloudoc.kz/fullchain.pem": BIO_new_file() failed (SSL: error:80000002:system library::No such file or directory:calling fopen(/etc/letsencrypt/live/api-balaman.cloudoc.kz/fullchain.pem, r) error:10000080:BIO routines::no such file)
2024/03/11 04:58:46 [warn] 1#1: the "listen ... http2" directive is deprecated, use the "http2" directive instead in /etc/nginx/vhosts/default.conf:21
2024/03/11 04:58:46 [warn] 1#1: the "listen ... http2" directive is deprecated, use the "http2" directive instead in /etc/nginx/vhosts/default.conf:22
2024/03/11 04:58:46 [emerg] 1#1: cannot load certificate "/etc/letsencrypt/live/api-balaman.cloudoc.kz/fullchain.pem": BIO_new_file() failed (SSL: error:80000002:system library::No such file or directory:calling fopen(/etc/letsencrypt/live/api-balaman.cloudoc.kz/fullchain.pem, r) error:10000080:BIO routines::no such file)
2024/03/11 05:05:53 [warn] 1#1: the "listen ... http2" directive is deprecated, use the "http2" directive instead in /etc/nginx/vhosts/default.conf:21
2024/03/11 05:05:53 [warn] 1#1: the "listen ... http2" directive is deprecated, use the "http2" directive instead in /etc/nginx/vhosts/default.conf:22
2024/03/11 05:05:53 [notice] 1#1: using the "epoll" event method
2024/03/11 05:05:53 [notice] 1#1: nginx/1.25.3
2024/03/11 05:05:53 [notice] 1#1: built by gcc 12.2.1 20220924 (Alpine 12.2.1_git20220924-r10) 
2024/03/11 05:05:53 [notice] 1#1: OS: Linux 5.15.0-87-generic
2024/03/11 05:05:53 [notice] 1#1: getrlimit(RLIMIT_NOFILE): 1048576:1048576
2024/03/11 05:05:53 [notice] 1#1: start worker processes
2024/03/11 05:05:53 [notice] 1#1: start worker process 29
2024/03/11 05:05:53 [notice] 1#1: start worker process 30
2024/03/11 05:05:53 [notice] 1#1: start worker process 31
2024/03/11 05:11:28 [notice] 1#1: signal 3 (SIGQUIT) received, shutting down
2024/03/11 05:11:28 [notice] 29#29: gracefully shutting down
2024/03/11 05:11:28 [notice] 30#30: gracefully shutting down
2024/03/11 05:11:28 [notice] 31#31: gracefully shutting down
2024/03/11 05:11:28 [notice] 29#29: exiting
2024/03/11 05:11:28 [notice] 31#31: exiting
2024/03/11 05:11:28 [notice] 30#30: exiting
2024/03/11 05:11:28 [notice] 30#30: exit
2024/03/11 05:11:28 [notice] 29#29: exit
2024/03/11 05:11:28 [notice] 31#31: exit
2024/03/11 05:11:28 [notice] 1#1: signal 17 (SIGCHLD) received from 30
2024/03/11 05:11:28 [notice] 1#1: worker process 29 exited with code 0
2024/03/11 05:11:28 [notice] 1#1: worker process 30 exited with code 0
2024/03/11 05:11:28 [notice] 1#1: signal 17 (SIGCHLD) received from 31
2024/03/11 05:11:28 [notice] 1#1: worker process 31 exited with code 0
2024/03/11 05:11:28 [notice] 1#1: exit
2024/03/11 05:11:38 [warn] 1#1: the "listen ... http2" directive is deprecated, use the "http2" directive instead in /etc/nginx/vhosts/default.conf:21
2024/03/11 05:11:38 [warn] 1#1: the "listen ... http2" directive is deprecated, use the "http2" directive instead in /etc/nginx/vhosts/default.conf:22
2024/03/11 05:11:38 [notice] 1#1: using the "epoll" event method
2024/03/11 05:11:38 [notice] 1#1: nginx/1.25.3
2024/03/11 05:11:38 [notice] 1#1: built by gcc 12.2.1 20220924 (Alpine 12.2.1_git20220924-r10) 
2024/03/11 05:11:38 [notice] 1#1: OS: Linux 5.15.0-87-generic
2024/03/11 05:11:38 [notice] 1#1: getrlimit(RLIMIT_NOFILE): 1048576:1048576
2024/03/11 05:11:38 [notice] 1#1: start worker processes
2024/03/11 05:11:38 [notice] 1#1: start worker process 28
2024/03/11 05:11:38 [notice] 1#1: start worker process 29
2024/03/11 05:11:38 [notice] 1#1: start worker process 30
2024/03/11 05:24:13 [notice] 1#1: signal 3 (SIGQUIT) received, shutting down
2024/03/11 05:24:13 [notice] 30#30: gracefully shutting down
2024/03/11 05:24:13 [notice] 28#28: gracefully shutting down
2024/03/11 05:24:13 [notice] 29#29: gracefully shutting down
2024/03/11 05:24:13 [notice] 30#30: exiting
2024/03/11 05:24:13 [notice] 28#28: exiting
2024/03/11 05:24:13 [notice] 29#29: exiting
2024/03/11 05:24:13 [notice] 28#28: exit
2024/03/11 05:24:13 [notice] 30#30: exit
2024/03/11 05:24:13 [notice] 29#29: exit
2024/03/11 05:24:13 [notice] 1#1: signal 17 (SIGCHLD) received from 30
2024/03/11 05:24:13 [notice] 1#1: worker process 28 exited with code 0
2024/03/11 05:24:13 [notice] 1#1: worker process 30 exited with code 0
2024/03/11 05:24:13 [notice] 1#1: signal 29 (SIGIO) received
2024/03/11 05:24:13 [notice] 1#1: signal 17 (SIGCHLD) received from 28
2024/03/11 05:24:13 [notice] 1#1: signal 17 (SIGCHLD) received from 29
2024/03/11 05:24:13 [notice] 1#1: worker process 29 exited with code 0
2024/03/11 05:24:13 [notice] 1#1: exit
2024/03/11 11:36:02 [notice] 1#1: using the "epoll" event method
2024/03/11 11:36:02 [notice] 1#1: nginx/1.25.3
2024/03/11 11:36:02 [notice] 1#1: built by gcc 12.2.1 20220924 (Alpine 12.2.1_git20220924-r10) 
2024/03/11 11:36:02 [notice] 1#1: OS: Linux 5.15.0-87-generic
2024/03/11 11:36:02 [notice] 1#1: getrlimit(RLIMIT_NOFILE): 1048576:1048576
2024/03/11 11:36:02 [notice] 1#1: start worker processes
2024/03/11 11:36:02 [notice] 1#1: start worker process 30
2024/03/11 11:36:02 [notice] 1#1: start worker process 31
2024/03/11 11:36:02 [notice] 1#1: start worker process 32
2024/03/11 11:36:25 [notice] 1#1: signal 3 (SIGQUIT) received, shutting down
2024/03/11 11:36:25 [notice] 31#31: gracefully shutting down
2024/03/11 11:36:25 [notice] 32#32: gracefully shutting down
2024/03/11 11:36:25 [notice] 31#31: exiting
2024/03/11 11:36:25 [notice] 32#32: exiting
2024/03/11 11:36:25 [notice] 31#31: exit
2024/03/11 11:36:25 [notice] 32#32: exit
2024/03/11 11:36:25 [notice] 30#30: gracefully shutting down
2024/03/11 11:36:25 [notice] 30#30: exiting
2024/03/11 11:36:25 [notice] 30#30: exit
2024/03/11 11:36:25 [notice] 1#1: signal 17 (SIGCHLD) received from 31
2024/03/11 11:36:25 [notice] 1#1: worker process 31 exited with code 0
2024/03/11 11:36:25 [notice] 1#1: signal 29 (SIGIO) received
2024/03/11 11:36:25 [notice] 1#1: signal 17 (SIGCHLD) received from 30
2024/03/11 11:36:25 [notice] 1#1: worker process 30 exited with code 0
2024/03/11 11:36:25 [notice] 1#1: signal 29 (SIGIO) received
2024/03/11 11:36:25 [notice] 1#1: signal 17 (SIGCHLD) received from 32
2024/03/11 11:36:25 [notice] 1#1: worker process 32 exited with code 0
2024/03/11 11:36:25 [notice] 1#1: exit
2024/03/11 11:36:54 [notice] 1#1: using the "epoll" event method
2024/03/11 11:36:54 [notice] 1#1: nginx/1.25.3
2024/03/11 11:36:54 [notice] 1#1: built by gcc 12.2.1 20220924 (Alpine 12.2.1_git20220924-r10) 
2024/03/11 11:36:54 [notice] 1#1: OS: Linux 5.15.0-87-generic
2024/03/11 11:36:54 [notice] 1#1: getrlimit(RLIMIT_NOFILE): 1048576:1048576
2024/03/11 11:36:54 [notice] 1#1: start worker processes
2024/03/11 11:36:54 [notice] 1#1: start worker process 30
2024/03/11 11:36:54 [notice] 1#1: start worker process 31
2024/03/11 11:36:54 [notice] 1#1: start worker process 32
2024/03/11 11:49:56 [notice] 1#1: signal 3 (SIGQUIT) received, shutting down
2024/03/11 11:49:56 [notice] 31#31: gracefully shutting down
2024/03/11 11:49:56 [notice] 30#30: gracefully shutting down
2024/03/11 11:49:56 [notice] 32#32: gracefully shutting down
2024/03/11 11:49:56 [notice] 31#31: exiting
2024/03/11 11:49:56 [notice] 32#32: exiting
2024/03/11 11:49:56 [notice] 30#30: exiting
2024/03/11 11:49:56 [notice] 32#32: exit
2024/03/11 11:49:56 [notice] 31#31: exit
2024/03/11 11:49:56 [notice] 30#30: exit
2024/03/11 11:49:56 [notice] 1#1: signal 17 (SIGCHLD) received from 32
2024/03/11 11:49:56 [notice] 1#1: worker process 32 exited with code 0
2024/03/11 11:49:56 [notice] 1#1: signal 29 (SIGIO) received
2024/03/11 11:49:56 [notice] 1#1: signal 17 (SIGCHLD) received from 30
2024/03/11 11:49:56 [notice] 1#1: worker process 30 exited with code 0
2024/03/11 11:49:56 [notice] 1#1: worker process 31 exited with code 0
2024/03/11 11:49:56 [notice] 1#1: exit
2024/03/12 08:27:32 [notice] 1#1: using the "epoll" event method
2024/03/12 08:27:32 [notice] 1#1: nginx/1.25.3
2024/03/12 08:27:32 [notice] 1#1: built by gcc 12.2.1 20220924 (Alpine 12.2.1_git20220924-r10) 
2024/03/12 08:27:32 [notice] 1#1: OS: Linux 5.15.0-87-generic
2024/03/12 08:27:32 [notice] 1#1: getrlimit(RLIMIT_NOFILE): 1048576:1048576
2024/03/12 08:27:32 [notice] 1#1: start worker processes
2024/03/12 08:27:32 [notice] 1#1: start worker process 29
2024/03/12 08:27:32 [notice] 1#1: start worker process 30
2024/03/12 08:27:32 [notice] 1#1: start worker process 31
2024/03/12 10:06:41 [error] 29#29: *1 open() "/usr/share/nginx/html/favicon.ico" failed (2: No such file or directory), client: 52.59.246.163, server: localhost, request: "GET /favicon.ico HTTP/1.1", host: "185.233.3.166:8081", referrer: "http://185.233.3.166:8081/"
2024/03/12 10:06:44 [error] 29#29: *1 open() "/usr/share/nginx/html/favicon.ico" failed (2: No such file or directory), client: 52.59.246.163, server: localhost, request: "GET /favicon.ico HTTP/1.1", host: "185.233.3.166:8081", referrer: "http://185.233.3.166:8081/"
2024/03/12 10:06:45 [error] 30#30: *2 open() "/usr/share/nginx/html/favicon.ico" failed (2: No such file or directory), client: 52.59.246.163, server: localhost, request: "GET /favicon.ico HTTP/1.1", host: "185.233.3.166:8081", referrer: "http://185.233.3.166:8081/"
2024/03/12 10:06:46 [error] 29#29: *1 open() "/usr/share/nginx/html/favicon.ico" failed (2: No such file or directory), client: 52.59.246.163, server: localhost, request: "GET /favicon.ico HTTP/1.1", host: "185.233.3.166:8081", referrer: "http://185.233.3.166:8081/"
2024/03/12 10:06:46 [error] 29#29: *1 open() "/usr/share/nginx/html/favicon.ico" failed (2: No such file or directory), client: 52.59.246.163, server: localhost, request: "GET /favicon.ico HTTP/1.1", host: "185.233.3.166:8081", referrer: "http://185.233.3.166:8081/"
2024/03/12 10:06:47 [error] 29#29: *1 open() "/usr/share/nginx/html/favicon.ico" failed (2: No such file or directory), client: 52.59.246.163, server: localhost, request: "GET /favicon.ico HTTP/1.1", host: "185.233.3.166:8081", referrer: "http://185.233.3.166:8081/"
2024/03/12 10:06:47 [error] 29#29: *1 open() "/usr/share/nginx/html/favicon.ico" failed (2: No such file or directory), client: 52.59.246.163, server: localhost, request: "GET /favicon.ico HTTP/1.1", host: "185.233.3.166:8081", referrer: "http://185.233.3.166:8081/"
2024/03/12 10:06:48 [error] 29#29: *1 open() "/usr/share/nginx/html/favicon.ico" failed (2: No such file or directory), client: 52.59.246.163, server: localhost, request: "GET /favicon.ico HTTP/1.1", host: "185.233.3.166:8081", referrer: "http://185.233.3.166:8081/"
2024/03/12 10:06:49 [error] 29#29: *1 open() "/usr/share/nginx/html/favicon.ico" failed (2: No such file or directory), client: 52.59.246.163, server: localhost, request: "GET /favicon.ico HTTP/1.1", host: "185.233.3.166:8081", referrer: "http://185.233.3.166:8081/"
2024/03/12 10:06:49 [error] 29#29: *1 open() "/usr/share/nginx/html/favicon.ico" failed (2: No such file or directory), client: 52.59.246.163, server: localhost, request: "GET /favicon.ico HTTP/1.1", host: "185.233.3.166:8081", referrer: "http://185.233.3.166:8081/"
2024/03/12 10:06:49 [error] 30#30: *2 open() "/usr/share/nginx/html/favicon.ico" failed (2: No such file or directory), client: 52.59.246.163, server: localhost, request: "GET /favicon.ico HTTP/1.1", host: "185.233.3.166:8081", referrer: "http://185.233.3.166:8081/"
2024/03/12 10:18:02 [notice] 1#1: signal 3 (SIGQUIT) received, shutting down
2024/03/12 10:18:02 [notice] 29#29: gracefully shutting down
2024/03/12 10:18:02 [notice] 30#30: gracefully shutting down
2024/03/12 10:18:02 [notice] 30#30: exiting
2024/03/12 10:18:02 [notice] 29#29: exiting
2024/03/12 10:18:02 [notice] 30#30: exit
2024/03/12 10:18:02 [notice] 29#29: exit
2024/03/12 10:18:02 [notice] 31#31: gracefully shutting down
2024/03/12 10:18:02 [notice] 31#31: exiting
2024/03/12 10:18:02 [notice] 31#31: exit
2024/03/12 10:18:02 [notice] 1#1: signal 17 (SIGCHLD) received from 29
2024/03/12 10:18:02 [notice] 1#1: worker process 29 exited with code 0
2024/03/12 10:18:02 [notice] 1#1: signal 29 (SIGIO) received
2024/03/12 10:18:02 [notice] 1#1: signal 17 (SIGCHLD) received from 30
2024/03/12 10:18:02 [notice] 1#1: worker process 30 exited with code 0
2024/03/12 10:18:02 [notice] 1#1: signal 29 (SIGIO) received
2024/03/12 10:18:02 [notice] 1#1: signal 17 (SIGCHLD) received from 31
2024/03/12 10:18:02 [notice] 1#1: worker process 31 exited with code 0
2024/03/12 10:18:02 [notice] 1#1: exit
2024/03/12 10:18:52 [warn] 1#1: the "listen ... http2" directive is deprecated, use the "http2" directive instead in /etc/nginx/conf.d/app.conf:24
2024/03/12 10:18:52 [warn] 1#1: the "listen ... http2" directive is deprecated, use the "http2" directive instead in /etc/nginx/conf.d/app.conf:25
2024/03/12 10:18:52 [notice] 1#1: using the "epoll" event method
2024/03/12 10:18:52 [notice] 1#1: nginx/1.25.3
2024/03/12 10:18:52 [notice] 1#1: built by gcc 12.2.1 20220924 (Alpine 12.2.1_git20220924-r10) 
2024/03/12 10:18:52 [notice] 1#1: OS: Linux 5.15.0-87-generic
2024/03/12 10:18:52 [notice] 1#1: getrlimit(RLIMIT_NOFILE): 1048576:1048576
2024/03/12 10:18:52 [notice] 1#1: start worker processes
2024/03/12 10:18:52 [notice] 1#1: start worker process 30
2024/03/12 10:18:52 [notice] 1#1: start worker process 31
2024/03/12 10:18:52 [notice] 1#1: start worker process 32
2024/03/12 10:19:05 [error] 30#30: *1 open() "/usr/share/nginx/html/favicon.ico" failed (2: No such file or directory), client: 52.59.246.163, server: localhost, request: "GET /favicon.ico HTTP/1.1", host: "185.233.3.166:8081", referrer: "http://185.233.3.166:8081/"
2024/03/12 10:20:16 [notice] 1#1: signal 3 (SIGQUIT) received, shutting down
2024/03/12 10:20:16 [notice] 31#31: gracefully shutting down
2024/03/12 10:20:16 [notice] 32#32: gracefully shutting down
2024/03/12 10:20:16 [notice] 31#31: exiting
2024/03/12 10:20:16 [notice] 32#32: exiting
2024/03/12 10:20:16 [notice] 30#30: gracefully shutting down
2024/03/12 10:20:16 [notice] 30#30: exiting
2024/03/12 10:20:16 [notice] 31#31: exit
2024/03/12 10:20:16 [notice] 30#30: exit
2024/03/12 10:20:16 [notice] 32#32: exit
2024/03/12 10:20:16 [notice] 1#1: signal 17 (SIGCHLD) received from 32
2024/03/12 10:20:16 [notice] 1#1: worker process 31 exited with code 0
2024/03/12 10:20:16 [notice] 1#1: worker process 32 exited with code 0
2024/03/12 10:20:16 [notice] 1#1: signal 29 (SIGIO) received
2024/03/12 10:20:16 [notice] 1#1: signal 17 (SIGCHLD) received from 31
2024/03/12 10:20:16 [notice] 1#1: signal 17 (SIGCHLD) received from 30
2024/03/12 10:20:16 [notice] 1#1: worker process 30 exited with code 0
2024/03/12 10:20:16 [notice] 1#1: exit
2024/03/12 10:20:17 [warn] 1#1: the "listen ... http2" directive is deprecated, use the "http2" directive instead in /etc/nginx/conf.d/default.conf:24
2024/03/12 10:20:17 [warn] 1#1: the "listen ... http2" directive is deprecated, use the "http2" directive instead in /etc/nginx/conf.d/default.conf:25
2024/03/12 10:20:17 [notice] 1#1: using the "epoll" event method
2024/03/12 10:20:17 [notice] 1#1: nginx/1.25.3
2024/03/12 10:20:17 [notice] 1#1: built by gcc 12.2.1 20220924 (Alpine 12.2.1_git20220924-r10) 
2024/03/12 10:20:17 [notice] 1#1: OS: Linux 5.15.0-87-generic
2024/03/12 10:20:17 [notice] 1#1: getrlimit(RLIMIT_NOFILE): 1048576:1048576
2024/03/12 10:20:17 [notice] 1#1: start worker processes
2024/03/12 10:20:17 [notice] 1#1: start worker process 29
2024/03/12 10:20:17 [notice] 1#1: start worker process 30
2024/03/12 10:20:17 [notice] 1#1: start worker process 31
